<?xml version="1.0" encoding="UTF-8"?>
<!-- Generated by org.testng.reporters.JUnitReportReporter -->
<testsuite skipped="16" hostname="USHYDAMALBARI1" name="loginTest.LoginTest" tests="17" failures="0" timestamp="2020-10-24T19:35:06 IST" time="1.769" errors="1">
  <testcase name="logout" time="0.000" classname="loginTest.LoginTest">
    <skipped/>
  </testcase> <!-- logout -->
  <system-out/>
  <testcase name="logout" time="0.000" classname="loginTest.LoginTest">
    <skipped/>
  </testcase> <!-- logout -->
  <system-out/>
  <testcase name="login1" time="0.000" classname="loginTest.LoginTest">
    <skipped/>
  </testcase> <!-- login1 -->
  <system-out/>
  <testcase name="login1" time="0.000" classname="loginTest.LoginTest">
    <skipped/>
  </testcase> <!-- login1 -->
  <system-out/>
  <testcase name="webdriverinitialize" time="1.769" classname="loginTest.LoginTest">
    <error type="java.lang.NoSuchMethodError" message="com.google.common.collect.ImmutableList.toImmutableList()Ljava/util/stream/Collector;">
      <![CDATA[java.lang.NoSuchMethodError: com.google.common.collect.ImmutableList.toImmutableList()Ljava/util/stream/Collector;
at org.openqa.selenium.chrome.ChromeOptions.asMap(ChromeOptions.java:293)
at org.openqa.selenium.remote.NewSessionPayload.create(NewSessionPayload.java:104)
at org.openqa.selenium.remote.ProtocolHandshake.createSession(ProtocolHandshake.java:67)
at org.openqa.selenium.remote.HttpCommandExecutor.execute(HttpCommandExecutor.java:136)
at org.openqa.selenium.remote.service.DriverCommandExecutor.execute(DriverCommandExecutor.java:83)
at org.openqa.selenium.remote.RemoteWebDriver.execute(RemoteWebDriver.java:543)
at org.openqa.selenium.remote.RemoteWebDriver.startSession(RemoteWebDriver.java:207)
at org.openqa.selenium.remote.RemoteWebDriver.<init>(RemoteWebDriver.java:130)
at org.openqa.selenium.chrome.ChromeDriver.<init>(ChromeDriver.java:181)
at org.openqa.selenium.chrome.ChromeDriver.<init>(ChromeDriver.java:168)
at org.openqa.selenium.chrome.ChromeDriver.<init>(ChromeDriver.java:123)
at generalFunctionality.GeneralFunctionality.getDriver(GeneralFunctionality.java:46)
at loginTest.LoginTest.webdriverinitialize(LoginTest.java:42)
at sun.reflect.NativeMethodAccessorImpl.invoke0(Native Method)
at sun.reflect.NativeMethodAccessorImpl.invoke(Unknown Source)
at sun.reflect.DelegatingMethodAccessorImpl.invoke(Unknown Source)
at java.lang.reflect.Method.invoke(Unknown Source)
at org.testng.internal.MethodInvocationHelper.invokeMethod(MethodInvocationHelper.java:134)
at org.testng.internal.MethodInvocationHelper.invokeMethodConsideringTimeout(MethodInvocationHelper.java:63)
at org.testng.internal.ConfigInvoker.invokeConfigurationMethod(ConfigInvoker.java:348)
at org.testng.internal.ConfigInvoker.invokeConfigurations(ConfigInvoker.java:302)
at org.testng.internal.TestMethodWorker.invokeBeforeClassMethods(TestMethodWorker.java:176)
at org.testng.internal.TestMethodWorker.run(TestMethodWorker.java:122)
at java.util.concurrent.ThreadPoolExecutor.runWorker(Unknown Source)
at java.util.concurrent.ThreadPoolExecutor$Worker.run(Unknown Source)
at java.lang.Thread.run(Unknown Source)
]]>
    </error>
  </testcase> <!-- webdriverinitialize -->
  <system-out/>
  <testcase name="login1" time="0.000" classname="loginTest.LoginTest">
    <skipped/>
  </testcase> <!-- login1 -->
  <system-out/>
  <testcase name="logout" time="0.000" classname="loginTest.LoginTest">
    <skipped/>
  </testcase> <!-- logout -->
  <system-out/>
  <testcase name="login1" time="0.000" classname="loginTest.LoginTest">
    <skipped/>
  </testcase> <!-- login1 -->
  <system-out/>
  <testcase name="logout" time="0.000" classname="loginTest.LoginTest">
    <skipped/>
  </testcase> <!-- logout -->
  <system-out/>
  <testcase name="logout" time="0.000" classname="loginTest.LoginTest">
    <skipped/>
  </testcase> <!-- logout -->
  <system-out/>
  <testcase name="logout" time="0.000" classname="loginTest.LoginTest">
    <skipped/>
  </testcase> <!-- logout -->
  <system-out/>
  <testcase name="logout" time="0.000" classname="loginTest.LoginTest">
    <skipped/>
  </testcase> <!-- logout -->
  <system-out/>
  <testcase name="logout" time="0.000" classname="loginTest.LoginTest">
    <skipped/>
  </testcase> <!-- logout -->
  <system-out/>
  <testcase name="login1" time="0.000" classname="loginTest.LoginTest">
    <skipped/>
  </testcase> <!-- login1 -->
  <system-out/>
  <testcase name="login1" time="0.000" classname="loginTest.LoginTest">
    <skipped/>
  </testcase> <!-- login1 -->
  <system-out/>
  <testcase name="login1" time="0.000" classname="loginTest.LoginTest">
    <skipped/>
  </testcase> <!-- login1 -->
  <system-out/>
  <testcase name="login1" time="0.000" classname="loginTest.LoginTest">
    <skipped/>
  </testcase> <!-- login1 -->
  <system-out/>
</testsuite> <!-- loginTest.LoginTest -->
